b71d10a7-1709-4878-82e3-bb77e3dd39bd - - [22-05-2023	18:49:51] "GET /api/test HTTP/1.1" - - "-" "PostmanRuntime/7.30.0"
6ffea039-846a-4d26-af59-f79f1cf02350 - - [23-05-2023	22:51:04] "GET /api/diary-management/admin/role HTTP/1.1" 200 11 "-" "PostmanRuntime/7.30.0"
fb57a5b2-2d1d-4f60-a3fb-fadaa8560a77 - - [23-05-2023	22:52:06] "POST /api/diary-management/admin/role HTTP/1.1" 500 5 "-" "PostmanRuntime/7.30.0"
760a7764-7330-4831-a2a9-949033bcf9ec - - [23-05-2023	22:53:03] "POST /api/diary-management/admin/role HTTP/1.1" 500 329 "-" "PostmanRuntime/7.30.0"
fbaa4ecc-7bc5-4f5d-890e-6945a6f6f6f3 - - [23-05-2023	22:54:17] "POST /api/diary-management/admin/role HTTP/1.1" 500 729 "-" "PostmanRuntime/7.30.0"
8bf07170-0d9b-499f-87d8-e05a3fddbd11 - - [23-05-2023	22:56:21] "POST /api/diary-management/admin/role HTTP/1.1" 500 729 "-" "PostmanRuntime/7.30.0"
3f19774d-002f-440c-94eb-4c01fcb8a8ab - - [23-05-2023	22:57:26] "GET /api/diary-management/admin/role HTTP/1.1" 200 322 "-" "PostmanRuntime/7.30.0"
d52d6cb5-0d42-4e0d-93db-9fedec48ccf0 - - [23-05-2023	22:59:06] "POST /api/diary-management/admin/role HTTP/1.1" 500 729 "-" "PostmanRuntime/7.30.0"
bc30ed2d-9389-4e9e-b0bb-a409064f8311 - - [23-05-2023	22:59:19] "GET /api/diary-management/admin/role HTTP/1.1" 200 478 "-" "PostmanRuntime/7.30.0"
8c3c7cd0-8a65-43f5-af6d-7f77ba2b172b - - [23-05-2023	22:59:33] "POST /api/diary-management/admin/role HTTP/1.1" 500 729 "-" "PostmanRuntime/7.30.0"
412b1da1-0c7e-4597-9126-4abd412639b4 - - [23-05-2023	23:03:43] "POST /api/diary-management/admin/role HTTP/1.1" 500 729 "-" "PostmanRuntime/7.30.0"
2a02a982-d0fa-41c0-bf52-7671c7a0ef1e - - [23-05-2023	23:06:09] "POST /api/diary-management/admin/role HTTP/1.1" 500 729 "-" "PostmanRuntime/7.30.0"
a7515b3a-6d69-4f45-b794-0eb9fefa2758 - - [23-05-2023	23:06:19] "GET /api/diary-management/admin/role HTTP/1.1" 200 949 "-" "PostmanRuntime/7.30.0"
e7bd8ef6-6d7c-4b48-9e27-84618f057687 - - [23-05-2023	23:12:28] "POST /api/diary-management/admin/role HTTP/1.1" 500 202 "-" "PostmanRuntime/7.30.0"
90829555-0326-4b12-8b2b-1885c4bca361 - - [23-05-2023	23:12:53] "POST /api/diary-management/admin/role HTTP/1.1" 500 202 "-" "PostmanRuntime/7.30.0"
d441498e-ac3f-46a6-b998-1f44f4f00670 - - [23-05-2023	23:13:04] "GET /api/diary-management/admin/role HTTP/1.1" 200 324 "-" "PostmanRuntime/7.30.0"
13e0ed4a-dd8c-4a6e-9d25-1e922f8e6030 - - [23-05-2023	23:16:35] "POST /api/diary-management/admin/role HTTP/1.1" 200 199 "-" "PostmanRuntime/7.30.0"
ec3bc57f-6f15-48d9-888f-c74c4d5dee5e - - [23-05-2023	23:20:12] "POST /api/diary-management/admin/role HTTP/1.1" 200 201 "-" "PostmanRuntime/7.30.0"
9a8737bc-2f13-4124-8392-6bc241b5415f - - [23-05-2023	23:20:51] "GET /api/diary-management/admin/role HTTP/1.1" 200 166 "-" "PostmanRuntime/7.30.0"
99ac9be1-0c35-490f-9f43-8ff11263e7de - - [24-05-2023	13:01:33] "GET /api/diary-management/admin/role HTTP/1.1" 200 206 "-" "PostmanRuntime/7.30.0"
1bc19adf-6f93-4b33-aa05-8609492a4b69 - - [24-05-2023	13:01:45] "GET /api/diary-management/admin/role/646ce7bca0bca621d51aa26b HTTP/1.1" 200 53 "-" "PostmanRuntime/7.30.0"
d915ab20-ab9b-48d3-a18e-1cd745ba894b - - [24-05-2023	13:02:27] "GET /api/diary-management/admin/role/646ce7bca0bca621d51aa26b HTTP/1.1" 200 53 "-" "PostmanRuntime/7.30.0"
d6ff48d2-af75-4efb-b890-0b6c6877da4d - - [24-05-2023	13:03:03] "GET /api/diary-management/admin/role/646ce7bca0bca621d51aa26b HTTP/1.1" 200 53 "-" "PostmanRuntime/7.30.0"
3c41cb88-0ecd-47dd-a096-041cc147f040 - - [24-05-2023	13:03:38] "GET /api/diary-management/admin/role/646ce7bca0bca621d51aa26b HTTP/1.1" 200 204 "-" "PostmanRuntime/7.30.0"
ec16020b-7b3a-47a0-973e-57e43d228627 - - [24-05-2023	13:05:17] "GET /api/diary-management/admin/role/646ce7bca0bca621d51aa26 HTTP/1.1" 500 130 "-" "PostmanRuntime/7.30.0"
f7d0adf0-fa9a-4812-8423-f726e0a9f01d - - [24-05-2023	16:32:39] "GET /api/diary-management/admin/role/646ce7bca0bca621d51aa26 HTTP/1.1" 404 44 "-" "PostmanRuntime/7.30.0"
671c4f51-2d5b-43ec-a6fb-61aefe7e503d - - [24-05-2023	16:33:14] "GET /api/diary-management/admin/role/646ce7bca0bca621d51aa26 HTTP/1.1" 404 39 "-" "PostmanRuntime/7.30.0"
9baff045-b44b-41fd-a02e-ce870ac24655 - - [24-05-2023	16:33:26] "GET /api/diary-management/admin/role/646ce7bca0bca621d51aa26b HTTP/1.1" 200 204 "-" "PostmanRuntime/7.30.0"
06d2c5fa-5806-42be-ba66-7a784ea619fb - - [24-05-2023	16:41:42] "POST /api/diary-management/admin/role HTTP/1.1" 500 55 "-" "PostmanRuntime/7.30.0"
195527a7-56bc-4150-b789-a69b39a6e449 - - [24-05-2023	16:43:56] "POST /api/diary-management/admin/role HTTP/1.1" 400 59 "-" "PostmanRuntime/7.30.0"
a6301303-8293-449b-bfeb-a5b6e3b62fd0 - - [24-05-2023	16:45:03] "POST /api/diary-management/admin/role HTTP/1.1" 400 73 "-" "PostmanRuntime/7.30.0"
56c5078b-af53-4d70-8599-06dd11f23106 - - [24-05-2023	16:45:11] "POST /api/diary-management/admin/role HTTP/1.1" 400 73 "-" "PostmanRuntime/7.30.0"
12375b7b-3fa0-4124-a26c-ed0f8c078c65 - - [24-05-2023	16:45:16] "GET /api/diary-management/admin/role HTTP/1.1" 200 206 "-" "PostmanRuntime/7.30.0"
3b7578bf-fbf9-4c06-85eb-a39f753a1619 - - [24-05-2023	16:46:18] "POST /api/diary-management/admin/role HTTP/1.1" 400 73 "-" "PostmanRuntime/7.30.0"
513e7f9c-3550-44ce-9e11-ef09b8e6b8c8 - - [24-05-2023	16:49:41] "POST /api/diary-management/admin/role HTTP/1.1" - - "-" "PostmanRuntime/7.30.0"
768d808b-4833-46b6-9bf0-0aff1d4b6076 - - [24-05-2023	16:50:43] "POST /api/diary-management/admin/role HTTP/1.1" - - "-" "PostmanRuntime/7.30.0"
f13ab100-06bd-49e6-a049-0bda0c6ab754 - - [24-05-2023	16:51:54] "POST /api/diary-management/admin/role HTTP/1.1" 201 215 "-" "PostmanRuntime/7.30.0"
0be3b4cc-5a1b-4978-840a-1a734cd1218c - - [24-05-2023	16:52:02] "POST /api/diary-management/admin/role HTTP/1.1" 201 215 "-" "PostmanRuntime/7.30.0"
d6868ce0-3592-4894-8c11-2ef6cfb14c61 - - [24-05-2023	16:52:09] "GET /api/diary-management/admin/role HTTP/1.1" 200 524 "-" "PostmanRuntime/7.30.0"
3fff887a-528c-4393-a5f3-3da5bb986c45 - - [24-05-2023	16:55:11] "POST /api/diary-management/admin/role HTTP/1.1" - - "-" "PostmanRuntime/7.30.0"
72b2110b-55cd-49ba-b1de-76fb83d88e45 - - [24-05-2023	16:56:09] "POST /api/diary-management/admin/role HTTP/1.1" - - "-" "PostmanRuntime/7.30.0"
9aa3d6b2-26cc-47e9-9d25-2d0a4dba6b8a - - [24-05-2023	16:58:55] "POST /api/diary-management/admin/role HTTP/1.1" - - "-" "PostmanRuntime/7.30.0"
3d67e338-0174-4f1d-a06a-2b3de3911143 - - [24-05-2023	17:01:30] "POST /api/diary-management/admin/role HTTP/1.1" 400 73 "-" "PostmanRuntime/7.30.0"
82603cae-161a-4afb-9a77-bcf1e72b03ec - - [24-05-2023	17:01:50] "POST /api/diary-management/admin/role HTTP/1.1" 201 215 "-" "PostmanRuntime/7.30.0"
5ec46141-e985-4f53-aa5a-5c56c171634b - - [24-05-2023	17:02:10] "POST /api/diary-management/admin/role HTTP/1.1" 400 73 "-" "PostmanRuntime/7.30.0"
3c804b2a-1221-4211-85b9-8887dc1aed79 - - [24-05-2023	17:02:19] "POST /api/diary-management/admin/role HTTP/1.1" 201 214 "-" "PostmanRuntime/7.30.0"
5c469a19-0a38-4451-a866-c5431ff54b71 - - [24-05-2023	17:16:19] "DELETE /api/diary-management/admin/role/646dde4284e90caf0d861d72 HTTP/1.1" 204 - "-" "PostmanRuntime/7.30.0"
9c283652-19d6-4346-b51a-c2c62b8245be - - [24-05-2023	17:16:33] "GET /api/diary-management/admin/role HTTP/1.1" 200 682 "-" "PostmanRuntime/7.30.0"
0b31b88c-ef24-40ec-a951-7c76ff01a34e - - [24-05-2023	17:16:42] "GET /api/diary-management/admin/role/646dde4284e90caf0d861d72 HTTP/1.1" 200 53 "-" "PostmanRuntime/7.30.0"
682dbdf8-8859-44dc-a024-6ccda179ac9d - - [24-05-2023	17:20:27] "DELETE /api/diary-management/admin/role HTTP/1.1" 204 - "-" "PostmanRuntime/7.30.0"
441fa207-ef42-4ffc-b35f-c8cdf7f44a36 - - [24-05-2023	17:20:40] "GET /api/diary-management/admin/role HTTP/1.1" 200 364 "-" "PostmanRuntime/7.30.0"
bd23fa2a-416d-40f7-bf2b-51ed2caccddc - - [24-05-2023	17:21:15] "DELETE /api/diary-management/admin/role HTTP/1.1" 204 - "-" "PostmanRuntime/7.30.0"
1bc0aefe-46a8-4243-b3f9-3e551569dae9 - - [24-05-2023	17:21:30] "GET /api/diary-management/admin/role HTTP/1.1" 200 206 "-" "PostmanRuntime/7.30.0"
8d2c0123-9035-4330-88a2-55de88dd6138 - - [24-05-2023	17:23:15] "POST /api/diary-management/admin/role HTTP/1.1" 400 73 "-" "PostmanRuntime/7.30.0"
7bc669e2-5df5-43b5-92a8-03c2e0419a4c - - [25-05-2023	21:54:17] "GET /api/diary-management/admin/role HTTP/1.1" 200 206 "-" "PostmanRuntime/7.30.0"
49cc1de4-abaa-4f91-a66d-ff459d74905b - - [25-05-2023	21:54:34] "POST /api/diary-management/admin/role HTTP/1.1" 201 214 "-" "PostmanRuntime/7.30.0"
0f688a97-bf7a-45cd-8f96-a2afadc05973 - - [25-05-2023	21:54:39] "GET /api/diary-management/admin/role HTTP/1.1" 200 206 "-" "PostmanRuntime/7.30.0"
783b03c6-cd47-4609-b4c1-b2211ca3d6f9 - - [25-05-2023	21:55:04] "GET /api/diary-management/admin/role?page=2 HTTP/1.1" 200 208 "-" "PostmanRuntime/7.30.0"
db667256-4786-4703-a357-2e45fddeef47 - - [25-05-2023	21:57:37] "GET /api/diary-management/admin/role?page=2 HTTP/1.1" 200 208 "-" "PostmanRuntime/7.30.0"
a2586d33-bf5c-4dcb-bc6d-ba979a6df260 - - [25-05-2023	21:58:48] "GET /api/diary-management/admin/role?page=2 HTTP/1.1" 200 208 "-" "PostmanRuntime/7.30.0"
8fbd38e8-7328-49da-bd4b-b47e26950228 - - [27-05-2023	19:12:22] "GET /api/diary-management/admin/role?page=2 HTTP/1.1" 200 208 "-" "PostmanRuntime/7.30.0"
9961fa55-c537-477f-b510-752581c7bdd7 - - [27-05-2023	19:12:29] "GET /api/diary-management/admin/role?page=1 HTTP/1.1" 200 206 "-" "PostmanRuntime/7.30.0"
0c6a122b-9b54-480a-bbd5-457b9e64077f - - [27-05-2023	19:23:08] "GET /api/diary-management/admin/role?page=1 HTTP/1.1" 200 206 "-" "PostmanRuntime/7.30.0"
f8d4932b-0f2b-4f97-8662-f9c2ff8d8da1 - - [29-05-2023	10:07:42] "PUT /api/diary-management/admin/role/646ce7bca0bca621d51aa26b?status=Active HTTP/1.1" 201 149 "-" "PostmanRuntime/7.30.0"
7c29c9a4-ce1b-4c8b-a3dd-a58bac75e06e - - [29-05-2023	10:08:00] "GET /api/diary-management/admin/role HTTP/1.1" 200 364 "-" "PostmanRuntime/7.30.0"
a040846d-bf6d-434f-8ebc-4cef06b5135b - - [29-05-2023	10:08:54] "PUT /api/diary-management/admin/role/646ce7bca0bca621d51aa26b HTTP/1.1" 201 149 "-" "PostmanRuntime/7.30.0"
500075a4-ce16-41ed-b538-2f273770f19b - - [29-05-2023	10:09:00] "GET /api/diary-management/admin/role HTTP/1.1" 200 364 "-" "PostmanRuntime/7.30.0"
2797a8a5-105e-450d-ac69-6257252c8dfa - - [29-05-2023	10:10:10] "PUT /api/diary-management/admin/role/646ce7bca0bca621d51aa26b HTTP/1.1" 201 149 "-" "PostmanRuntime/7.30.0"
e818b1a2-6ac2-44a0-a4d1-0543513faab9 - - [29-05-2023	10:10:19] "GET /api/diary-management/admin/role HTTP/1.1" 200 362 "-" "PostmanRuntime/7.30.0"
ec6ddcd4-2b43-422b-b99f-884dcb81320e - - [29-05-2023	10:11:09] "DELETE /api/diary-management/admin/role/646f76aa5838ee814e87f39c HTTP/1.1" 404 198 "-" "PostmanRuntime/7.30.0"
f483cf25-3ebc-4b0a-be98-3122c51ff9f4 - - [29-05-2023	10:11:39] "DELETE /api/diary-management/admin/role/646f76aa5838ee814e87f39c HTTP/1.1" 204 - "-" "PostmanRuntime/7.30.0"
0f3230f1-9b35-48f0-82c6-ff7257e7cb33 - - [29-05-2023	10:11:45] "GET /api/diary-management/admin/role HTTP/1.1" 200 204 "-" "PostmanRuntime/7.30.0"
4783e35c-4b08-4ff4-a417-7f6568dc2a87 - - [29-05-2023	10:12:52] "PATCH /api/diary-management/admin/role/646ce7bca0bca621d51aa26b HTTP/1.1" 404 197 "-" "PostmanRuntime/7.30.0"
83955c0f-9b44-483b-8bef-c84df99df2dd - - [29-05-2023	10:13:57] "PATCH /api/diary-management/admin/role/646ce7bca0bca621d51aa26b HTTP/1.1" 201 149 "-" "PostmanRuntime/7.30.0"
2fc6ddef-aaac-4161-89da-3cdfbc4f4c0d - - [29-05-2023	10:14:03] "GET /api/diary-management/admin/role HTTP/1.1" 200 206 "-" "PostmanRuntime/7.30.0"
